============================= test session starts =============================
platform win32 -- Python 3.9.1, pytest-5.3.5, py-1.10.0, pluggy-0.13.1
rootdir: C:\Users\timch\Documents\projects\k-center
plugins: cov-2.11.1
collected 28 items / 27 errors / 1 selected

=================================== ERRORS ====================================
___ ERROR collecting tests/kcenter/solver/bandyapadhyay/test_clustering.py ____
ImportError while importing test module 'C:\Users\timch\Documents\projects\k-center\tests\kcenter\solver\bandyapadhyay\test_clustering.py'.
Hint: make sure your test modules/packages have valid Python names.
Traceback:
tests\kcenter\solver\bandyapadhyay\test_clustering.py:4: in <module>
    from tests.kcenter.util.create_test_graph import basic_graph, basic_graph_with_outlier
E   ModuleNotFoundError: No module named 'tests.kcenter'
__ ERROR collecting tests/kcenter/solver/bandyapadhyay/test_pseudo_solver.py __
ImportError while importing test module 'C:\Users\timch\Documents\projects\k-center\tests\kcenter\solver\bandyapadhyay\test_pseudo_solver.py'.
Hint: make sure your test modules/packages have valid Python names.
Traceback:
tests\kcenter\solver\bandyapadhyay\test_pseudo_solver.py:6: in <module>
    from tests.kcenter.solver.greedy.test_greedy import FLOAT_ERROR_MARGIN
E   ModuleNotFoundError: No module named 'tests.kcenter'
_ ERROR collecting tests/kcenter/solver/bandyapadhyay/test_radius_checker.py __
ImportError while importing test module 'C:\Users\timch\Documents\projects\k-center\tests\kcenter\solver\bandyapadhyay\test_radius_checker.py'.
Hint: make sure your test modules/packages have valid Python names.
Traceback:
tests\kcenter\solver\bandyapadhyay\test_radius_checker.py:6: in <module>
    from tests.kcenter.util.create_test_graph import basic_graph
E   ModuleNotFoundError: No module named 'tests.kcenter'
__ ERROR collecting tests/kcenter/solver/bandyapadhyay/test_red_maximiser.py __
ImportError while importing test module 'C:\Users\timch\Documents\projects\k-center\tests\kcenter\solver\bandyapadhyay\test_red_maximiser.py'.
Hint: make sure your test modules/packages have valid Python names.
Traceback:
tests\kcenter\solver\bandyapadhyay\test_red_maximiser.py:2: in <module>
    from tests.kcenter.util.create_test_graph import basic_graph, basic_graph_with_outlier
E   ModuleNotFoundError: No module named 'tests.kcenter'
_____ ERROR collecting tests/kcenter/solver/bandyapadhyay/test_solver.py ______
ImportError while importing test module 'C:\Users\timch\Documents\projects\k-center\tests\kcenter\solver\bandyapadhyay\test_solver.py'.
Hint: make sure your test modules/packages have valid Python names.
Traceback:
tests\kcenter\solver\bandyapadhyay\test_solver.py:6: in <module>
    from tests.kcenter.solver.greedy.test_greedy import FLOAT_ERROR_MARGIN
E   ModuleNotFoundError: No module named 'tests.kcenter'
_ ERROR collecting tests/kcenter/solver/bandyapadhyay/test_stepped_pseudo_solver.py _
ImportError while importing test module 'C:\Users\timch\Documents\projects\k-center\tests\kcenter\solver\bandyapadhyay\test_stepped_pseudo_solver.py'.
Hint: make sure your test modules/packages have valid Python names.
Traceback:
tests\kcenter\solver\bandyapadhyay\test_stepped_pseudo_solver.py:4: in <module>
    from tests.kcenter.util.assertion import assert_step_equal
E   ModuleNotFoundError: No module named 'tests.kcenter'
_ ERROR collecting tests/kcenter/solver/bandyapadhyay/test_stepped_solver.py __
ImportError while importing test module 'C:\Users\timch\Documents\projects\k-center\tests\kcenter\solver\bandyapadhyay\test_stepped_solver.py'.
Hint: make sure your test modules/packages have valid Python names.
Traceback:
tests\kcenter\solver\bandyapadhyay\test_stepped_solver.py:4: in <module>
    from tests.kcenter.util.assertion import assert_step_equal
E   ModuleNotFoundError: No module named 'tests.kcenter'
_ ERROR collecting tests/kcenter/solver/brute_force/test_brute_force_colourful_k_center.py _
ImportError while importing test module 'C:\Users\timch\Documents\projects\k-center\tests\kcenter\solver\brute_force\test_brute_force_colourful_k_center.py'.
Hint: make sure your test modules/packages have valid Python names.
Traceback:
tests\kcenter\solver\brute_force\test_brute_force_colourful_k_center.py:7: in <module>
    from tests.kcenter.solver.greedy.test_greedy import RELAXED_CONSTRAINTS, K, FLOAT_ERROR_MARGIN
E   ModuleNotFoundError: No module named 'tests.kcenter'
_ ERROR collecting tests/kcenter/solver/brute_force/test_brute_force_k_center.py _
ImportError while importing test module 'C:\Users\timch\Documents\projects\k-center\tests\kcenter\solver\brute_force\test_brute_force_k_center.py'.
Hint: make sure your test modules/packages have valid Python names.
Traceback:
tests\kcenter\solver\brute_force\test_brute_force_k_center.py:7: in <module>
    from tests.kcenter.solver.greedy.test_greedy import STRICT_CONSTRAINTS, K
E   ModuleNotFoundError: No module named 'tests.kcenter'
__ ERROR collecting tests/kcenter/solver/colourful_pbs/test_colourful_pbs.py __
ImportError while importing test module 'C:\Users\timch\Documents\projects\k-center\tests\kcenter\solver\colourful_pbs\test_colourful_pbs.py'.
Hint: make sure your test modules/packages have valid Python names.
Traceback:
tests\kcenter\solver\colourful_pbs\test_colourful_pbs.py:8: in <module>
    from tests.kcenter.util.create_test_graph import basic_graph_with_outlier
E   ModuleNotFoundError: No module named 'tests.kcenter'
____ ERROR collecting tests/kcenter/solver/colourful_pbs/test_find_cost.py ____
ImportError while importing test module 'C:\Users\timch\Documents\projects\k-center\tests\kcenter\solver\colourful_pbs\test_find_cost.py'.
Hint: make sure your test modules/packages have valid Python names.
Traceback:
tests\kcenter\solver\colourful_pbs\test_find_cost.py:7: in <module>
    from tests.kcenter.solver.pbs.test_pbs import FLOAT_ERROR_MARGIN
E   ModuleNotFoundError: No module named 'tests.kcenter'
_________ ERROR collecting tests/kcenter/solver/greedy/test_greedy.py _________
ImportError while importing test module 'C:\Users\timch\Documents\projects\k-center\tests\kcenter\solver\greedy\test_greedy.py'.
Hint: make sure your test modules/packages have valid Python names.
Traceback:
tests\kcenter\solver\greedy\test_greedy.py:6: in <module>
    from tests.kcenter.util.create_test_graph import basic_graph, basic_graph_with_outlier
E   ModuleNotFoundError: No module named 'tests.kcenter'
_____ ERROR collecting tests/kcenter/solver/greedy/test_greedy_reduce.py ______
ImportError while importing test module 'C:\Users\timch\Documents\projects\k-center\tests\kcenter\solver\greedy\test_greedy_reduce.py'.
Hint: make sure your test modules/packages have valid Python names.
Traceback:
tests\kcenter\solver\greedy\test_greedy_reduce.py:6: in <module>
    from tests.kcenter.util.create_test_graph import basic_graph_with_outlier, basic_graph
E   ModuleNotFoundError: No module named 'tests.kcenter'
_____ ERROR collecting tests/kcenter/solver/greedy/test_stepped_greedy.py _____
ImportError while importing test module 'C:\Users\timch\Documents\projects\k-center\tests\kcenter\solver\greedy\test_stepped_greedy.py'.
Hint: make sure your test modules/packages have valid Python names.
Traceback:
tests\kcenter\solver\greedy\test_stepped_greedy.py:3: in <module>
    from tests.kcenter.solver.greedy.test_greedy import RELAXED_CONSTRAINTS, K, STRICT_CONSTRAINTS
E   ModuleNotFoundError: No module named 'tests.kcenter'
_ ERROR collecting tests/kcenter/solver/greedy/test_stepped_greedy_reduce.py __
ImportError while importing test module 'C:\Users\timch\Documents\projects\k-center\tests\kcenter\solver\greedy\test_stepped_greedy_reduce.py'.
Hint: make sure your test modules/packages have valid Python names.
Traceback:
tests\kcenter\solver\greedy\test_stepped_greedy_reduce.py:3: in <module>
    from tests.kcenter.solver.greedy.test_greedy import K
E   ModuleNotFoundError: No module named 'tests.kcenter'
_________ ERROR collecting tests/kcenter/solver/pbs/test_crossover.py _________
ImportError while importing test module 'C:\Users\timch\Documents\projects\k-center\tests\kcenter\solver\pbs\test_crossover.py'.
Hint: make sure your test modules/packages have valid Python names.
Traceback:
tests\kcenter\solver\pbs\test_crossover.py:4: in <module>
    from tests.kcenter.constant.consts import FLOAT_ERROR
E   ModuleNotFoundError: No module named 'tests.kcenter'
________ ERROR collecting tests/kcenter/solver/pbs/test_individual.py _________
ImportError while importing test module 'C:\Users\timch\Documents\projects\k-center\tests\kcenter\solver\pbs\test_individual.py'.
Hint: make sure your test modules/packages have valid Python names.
Traceback:
tests\kcenter\solver\pbs\test_individual.py:4: in <module>
    from tests.kcenter.constant.consts import FLOAT_ERROR
E   ModuleNotFoundError: No module named 'tests.kcenter'
_________ ERROR collecting tests/kcenter/solver/pbs/test_mutation.py __________
ImportError while importing test module 'C:\Users\timch\Documents\projects\k-center\tests\kcenter\solver\pbs\test_mutation.py'.
Hint: make sure your test modules/packages have valid Python names.
Traceback:
tests\kcenter\solver\pbs\test_mutation.py:6: in <module>
    from tests.kcenter.constant.consts import FLOAT_ERROR
E   ModuleNotFoundError: No module named 'tests.kcenter'
____________ ERROR collecting tests/kcenter/solver/pbs/test_pbs.py ____________
ImportError while importing test module 'C:\Users\timch\Documents\projects\k-center\tests\kcenter\solver\pbs\test_pbs.py'.
Hint: make sure your test modules/packages have valid Python names.
Traceback:
tests\kcenter\solver\pbs\test_pbs.py:9: in <module>
    from tests.kcenter.constant.consts import FLOAT_ERROR
E   ModuleNotFoundError: No module named 'tests.kcenter'
_____ ERROR collecting tests/kcenter/solver/pbs/test_pbs_local_search.py ______
ImportError while importing test module 'C:\Users\timch\Documents\projects\k-center\tests\kcenter\solver\pbs\test_pbs_local_search.py'.
Hint: make sure your test modules/packages have valid Python names.
Traceback:
tests\kcenter\solver\pbs\test_pbs_local_search.py:6: in <module>
    from tests.kcenter.constant.consts import FLOAT_ERROR
E   ModuleNotFoundError: No module named 'tests.kcenter'
________ ERROR collecting tests/kcenter/solver/pbs/test_similarity.py _________
ImportError while importing test module 'C:\Users\timch\Documents\projects\k-center\tests\kcenter\solver\pbs\test_similarity.py'.
Hint: make sure your test modules/packages have valid Python names.
Traceback:
tests\kcenter\solver\pbs\test_similarity.py:6: in <module>
    from tests.kcenter.util.create_test_graph import grid_graph
E   ModuleNotFoundError: No module named 'tests.kcenter'
___ ERROR collecting tests/kcenter/solver/pbs/test_stepped_colourful_pbs.py ___
ImportError while importing test module 'C:\Users\timch\Documents\projects\k-center\tests\kcenter\solver\pbs\test_stepped_colourful_pbs.py'.
Hint: make sure your test modules/packages have valid Python names.
Traceback:
tests\kcenter\solver\pbs\test_stepped_colourful_pbs.py:3: in <module>
    from tests.kcenter.solver.pbs.test_pbs import K, RELAXED_CONSTRAINTS
E   ModuleNotFoundError: No module named 'tests.kcenter'
________ ERROR collecting tests/kcenter/solver/pbs/test_stepped_pbs.py ________
ImportError while importing test module 'C:\Users\timch\Documents\projects\k-center\tests\kcenter\solver\pbs\test_stepped_pbs.py'.
Hint: make sure your test modules/packages have valid Python names.
Traceback:
tests\kcenter\solver\pbs\test_stepped_pbs.py:3: in <module>
    from tests.kcenter.solver.pbs.test_pbs import K, RELAXED_CONSTRAINTS
E   ModuleNotFoundError: No module named 'tests.kcenter'
________ ERROR collecting tests/kcenter/solver/pbs/test_target_pbs.py _________
ImportError while importing test module 'C:\Users\timch\Documents\projects\k-center\tests\kcenter\solver\pbs\test_target_pbs.py'.
Hint: make sure your test modules/packages have valid Python names.
Traceback:
tests\kcenter\solver\pbs\test_target_pbs.py:7: in <module>
    from tests.kcenter.solver.pbs.test_pbs import FLOAT_ERROR_MARGIN
E   ModuleNotFoundError: No module named 'tests.kcenter'
_ ERROR collecting tests/kcenter/solver/plateau_surfer/test_plateau_surfer.py _
ImportError while importing test module 'C:\Users\timch\Documents\projects\k-center\tests\kcenter\solver\plateau_surfer\test_plateau_surfer.py'.
Hint: make sure your test modules/packages have valid Python names.
Traceback:
tests\kcenter\solver\plateau_surfer\test_plateau_surfer.py:10: in <module>
    from tests.kcenter.constant.consts import FLOAT_ERROR
E   ModuleNotFoundError: No module named 'tests.kcenter'
____________ ERROR collecting tests/kcenter/verify/test_verify.py _____________
ImportError while importing test module 'C:\Users\timch\Documents\projects\k-center\tests\kcenter\verify\test_verify.py'.
Hint: make sure your test modules/packages have valid Python names.
Traceback:
tests\kcenter\verify\test_verify.py:4: in <module>
    from tests.kcenter.util.create_test_graph import basic_graph
E   ModuleNotFoundError: No module named 'tests.kcenter'
_____________ ERROR collecting tests/server/test_graph_loader.py ______________
ImportError while importing test module 'C:\Users\timch\Documents\projects\k-center\tests\server\test_graph_loader.py'.
Hint: make sure your test modules/packages have valid Python names.
Traceback:
tests\server\test_graph_loader.py:6: in <module>
    from tests.kcenter.util.create_test_graph import basic_graph, basic_graph_with_outlier
E   ModuleNotFoundError: No module named 'tests.kcenter'
============================== warnings summary ===============================
venv\lib\site-packages\pyutilib\misc\import_file.py:11
  c:\users\timch\documents\projects\k-center\venv\lib\site-packages\pyutilib\misc\import_file.py:11: DeprecationWarning: the imp module is deprecated in favour of importlib; see the module's documentation for alternative uses
    import imp

-- Docs: https://docs.pytest.org/en/latest/warnings.html

----------- coverage: platform win32, python 3.9.1-final-0 -----------
Name                                                        Stmts   Miss  Cover
-------------------------------------------------------------------------------
src\kcenter\bandyapadhyay\clustering.py                        60     52    13%
src\kcenter\bandyapadhyay\pseudo_solver.py                     57     39    32%
src\kcenter\bandyapadhyay\radius_checker.py                    61     42    31%
src\kcenter\bandyapadhyay\red_maximiser.py                     48     31    35%
src\kcenter\bandyapadhyay\search_stage.py                       6      0   100%
src\kcenter\bandyapadhyay\solver.py                            14      7    50%
src\kcenter\bandyapadhyay\stepped_pseudo_solver.py             95     65    32%
src\kcenter\bandyapadhyay\stepped_solver.py                    31     18    42%
src\kcenter\brute_force\brute_force_colourful_k_center.py      53     40    25%
src\kcenter\brute_force\brute_force_k_center.py                67     51    24%
src\kcenter\colourful_pbs\colourful_pbs.py                     94     80    15%
src\kcenter\colourful_pbs\stepped_colourful_pbs.py             12      4    67%
src\kcenter\constant\colour.py                                  4      0   100%
src\kcenter\greedy\greedy.py                                   42     30    29%
src\kcenter\greedy\greedy_reduce.py                            40     29    28%
src\kcenter\greedy\stepped_greedy.py                           43     27    37%
src\kcenter\greedy\stepped_greedy_reduce.py                    43     25    42%
src\kcenter\pbs\pbs.py                                        363    308    15%
src\kcenter\pbs\similarity.py                                  34     25    26%
src\kcenter\pbs\stepped_pbs.py                                 57     36    37%
src\kcenter\pbs\target_pbs.py                                  85     71    16%
src\kcenter\plateau_surfer\plateau_surfer.py                  148    126    15%
src\kcenter\solver\abstract_generator.py                       28      9    68%
src\kcenter\solver\abstract_solver.py                          12      4    67%
src\kcenter\solver\abstract_target_solver.py                    6      1    83%
src\kcenter\verify\verify.py                                   41     34    17%
src\server\app.py                                              13      0   100%
src\server\graph_loader.py                                     84     62    26%
src\server\incremental_solve.py                                57     39    32%
src\server\orlib_graph_loader.py                               45     33    27%
src\server\routes.py                                           63     34    46%
src\util\calculation.py                                         3      1    67%
src\util\logger.py                                             24     13    46%
src\util\time_converter.py                                     21     18    14%
-------------------------------------------------------------------------------
TOTAL                                                        1854   1354    27%

!!!!!!!!!!!!!!!!!! Interrupted: 27 errors during collection !!!!!!!!!!!!!!!!!!!
======================== 1 warning, 27 errors in 3.69s ========================
